<?xml version="1.0" encoding="UTF-8"?>
<testng-results ignored="0" total="1" passed="1" failed="0" skipped="0">
  <reporter-output>
  </reporter-output>
  <suite started-at="2023-11-01T00:38:01 IST" name="Default suite" finished-at="2023-11-01T00:38:39 IST" duration-ms="38445">
    <groups>
    </groups>
    <test started-at="2023-11-01T00:38:01 IST" name="Default test" finished-at="2023-11-01T00:38:39 IST" duration-ms="38445">
      <class name="omini.test.genricMasterTest">
        <test-method is-config="true" signature="browserLanch()[pri:0, instance:omini.test.genricMasterTest@4b2bac3f]" started-at="2023-11-01T00:38:01 IST" name="browserLanch" finished-at="2023-11-01T00:38:34 IST" duration-ms="33252" status="PASS">
          <reporter-output>
          </reporter-output>
        </test-method> <!-- browserLanch -->
        <test-method signature="omniPage()[pri:1, instance:omini.test.genricMasterTest@4b2bac3f]" started-at="2023-11-01T00:38:34 IST" name="omniPage" finished-at="2023-11-01T00:38:39 IST" duration-ms="5127" status="PASS">
          <reporter-output>
          </reporter-output>
        </test-method> <!-- omniPage -->
        <test-method is-config="true" signature="appClose()[pri:0, instance:omini.test.genricMasterTest@4b2bac3f]" started-at="2023-11-01T00:38:39 IST" name="appClose" finished-at="2023-11-01T00:38:39 IST" duration-ms="2" status="PASS">
          <reporter-output>
          </reporter-output>
        </test-method> <!-- appClose -->
      </class> <!-- omini.test.genricMasterTest -->
    </test> <!-- Default test -->
  </suite> <!-- Default suite -->
</testng-results>
